mode: set
task_mission/apperror/errors.go:24.39,26.2 1 0
task_mission/apperror/errors.go:28.81,35.2 2 0
task_mission/apperror/errors.go:37.38,38.20 1 0
task_mission/apperror/errors.go:39.21,40.31 1 0
task_mission/apperror/errors.go:41.19,42.29 1 0
task_mission/apperror/errors.go:43.18,44.35 1 0
task_mission/apperror/errors.go:45.23,46.33 1 0
task_mission/apperror/errors.go:48.2,48.39 1 0
task_mission/apps/handlers.go:19.70,30.2 2 0
task_mission/apps/middlewares.go:8.52,15.2 2 0
task_mission/apps/routers.go:17.120,19.2 1 0
task_mission/apps/routers.go:21.78,66.2 9 0
task_mission/apps/routers.go:68.46,72.55 3 0
task_mission/apps/routers.go:72.55,75.3 2 0
task_mission/apps/routers.go:77.2,78.54 2 0
task_mission/apps/routers.go:78.54,81.3 2 0
task_mission/apps/routers.go:83.2,85.54 3 0
task_mission/apps/routers.go:85.54,88.3 2 0
task_mission/apps/routers.go:90.2,92.58 3 0
task_mission/apps/routers.go:92.58,95.3 2 0
task_mission/apps/routers.go:97.2,99.56 3 0
task_mission/apps/routers.go:99.56,102.3 2 0
task_mission/apps/routers.go:104.2,106.58 3 0
task_mission/apps/routers.go:106.58,109.3 2 0
task_mission/apps/routers.go:111.2,113.56 3 0
task_mission/apps/routers.go:113.56,116.3 2 0
task_mission/apps/routers.go:119.56,125.2 1 0
task_mission/apps/services.go:12.58,14.16 2 0
task_mission/apps/services.go:14.16,16.3 1 0
task_mission/apps/services.go:17.2,19.8 1 0
task_mission/apps/usecases.go:18.51,27.2 1 0
task_mission/cmd/task_mission/cmd/main.go:12.13,15.16 2 0
task_mission/cmd/task_mission/cmd/main.go:15.16,18.3 2 0
task_mission/cmd/task_mission/cmd/main.go:20.2,21.16 2 0
task_mission/cmd/task_mission/cmd/main.go:21.16,24.3 2 0
task_mission/cmd/task_mission/cmd/main.go:26.2,27.16 2 0
task_mission/cmd/task_mission/cmd/main.go:27.16,30.3 2 0
task_mission/cmd/task_mission/cmd/main.go:32.2,33.16 2 0
task_mission/cmd/task_mission/cmd/main.go:33.16,36.3 2 0
task_mission/cmd/task_mission/cmd/main.go:38.2,47.15 6 0
task_mission/cmd/task_mission/drop/main.go:10.13,13.16 2 0
task_mission/cmd/task_mission/drop/main.go:13.16,16.3 2 0
task_mission/cmd/task_mission/drop/main.go:18.2,19.16 2 0
task_mission/cmd/task_mission/drop/main.go:19.16,22.3 2 0
task_mission/cmd/task_mission/drop/main.go:24.2,25.16 2 0
task_mission/cmd/task_mission/drop/main.go:25.16,28.3 2 0
task_mission/cmd/task_mission/drop/main.go:30.2,30.46 1 0
task_mission/entities/dtos/requests/task_request.go:31.62,34.16 3 0
task_mission/entities/dtos/requests/task_request.go:34.16,36.3 1 0
task_mission/entities/dtos/requests/task_request.go:37.2,43.13 2 0
task_mission/entities/dtos/requests/task_request.go:46.66,54.2 3 0
task_mission/middlewares/authentication_middleware.go:12.63,13.71 1 0
task_mission/middlewares/authentication_middleware.go:13.71,16.35 3 0
task_mission/middlewares/authentication_middleware.go:16.35,19.4 2 0
task_mission/middlewares/authentication_middleware.go:20.3,21.21 2 0
task_mission/middlewares/authentication_middleware.go:21.21,24.4 2 0
task_mission/middlewares/authentication_middleware.go:25.3,26.95 2 0
task_mission/middlewares/authentication_middleware.go:26.95,28.4 1 0
task_mission/middlewares/authentication_middleware.go:29.3,29.33 1 0
task_mission/middlewares/authentication_middleware.go:29.33,32.4 2 0
task_mission/middlewares/authentication_middleware.go:33.3,36.23 4 0
task_mission/middlewares/authorization_middleware.go:7.62,8.71 1 0
task_mission/middlewares/authorization_middleware.go:8.72,34.3 0 0
task_mission/middlewares/cors_middleware.go:5.53,6.71 1 0
task_mission/middlewares/cors_middleware.go:6.71,11.28 5 0
task_mission/middlewares/cors_middleware.go:11.28,14.4 2 0
task_mission/middlewares/cors_middleware.go:15.3,15.23 1 0
task_mission/middlewares/logging_middleware.go:12.56,13.71 1 0
task_mission/middlewares/logging_middleware.go:13.71,19.17 4 0
task_mission/middlewares/logging_middleware.go:19.17,23.4 3 0
task_mission/middlewares/logging_middleware.go:25.3,30.60 4 0
task_mission/middlewares/logging_middleware.go:30.60,33.4 2 0
task_mission/middlewares/logging_middleware.go:34.3,34.108 1 0
task_mission/middlewares/timeout_middleware.go:9.56,10.71 1 0
task_mission/middlewares/timeout_middleware.go:10.71,22.13 5 0
task_mission/middlewares/timeout_middleware.go:22.13,25.4 2 0
task_mission/middlewares/timeout_middleware.go:28.3,28.10 1 0
task_mission/middlewares/timeout_middleware.go:29.15,31.10 1 0
task_mission/middlewares/timeout_middleware.go:32.21,34.45 1 0
task_mission/middlewares/timeout_middleware.go:34.45,37.5 2 0
task_mission/cmd/task_mission/seed/main.go:10.13,14.16 3 0
task_mission/cmd/task_mission/seed/main.go:14.16,17.3 2 0
task_mission/cmd/task_mission/seed/main.go:19.2,20.16 2 0
task_mission/cmd/task_mission/seed/main.go:20.16,23.3 2 0
task_mission/cmd/task_mission/seed/main.go:25.2,26.16 2 0
task_mission/cmd/task_mission/seed/main.go:26.16,29.3 2 0
task_mission/cmd/task_mission/seed/main.go:31.2,32.32 2 0
task_mission/enums/context_key.go:11.39,13.2 1 0
task_mission/enums/router.go:5.41,7.2 1 0
task_mission/enums/user_gender.go:10.39,12.2 1 0
task_mission/cmd/task_mission/migration/main.go:10.13,13.16 2 0
task_mission/cmd/task_mission/migration/main.go:13.16,16.3 2 0
task_mission/cmd/task_mission/migration/main.go:18.2,19.16 2 0
task_mission/cmd/task_mission/migration/main.go:19.16,22.3 2 0
task_mission/cmd/task_mission/migration/main.go:24.2,25.16 2 0
task_mission/cmd/task_mission/migration/main.go:25.16,28.3 2 0
task_mission/cmd/task_mission/migration/main.go:30.2,30.46 1 0
task_mission/handlers/category_handler.go:20.79,29.22 4 0
task_mission/handlers/category_handler.go:29.22,31.3 1 0
task_mission/handlers/category_handler.go:32.2,32.96 1 0
task_mission/handlers/category_handler.go:35.84,43.22 4 0
task_mission/handlers/category_handler.go:43.22,46.3 2 0
task_mission/handlers/category_handler.go:47.2,47.94 1 0
task_mission/handlers/category_handler.go:50.79,59.16 4 0
task_mission/handlers/category_handler.go:59.16,62.3 2 0
task_mission/handlers/category_handler.go:63.2,65.22 3 0
task_mission/handlers/category_handler.go:65.22,68.3 2 0
task_mission/handlers/category_handler.go:69.2,69.88 1 0
task_mission/handlers/category_handler.go:72.77,74.2 1 0
task_mission/handlers/credit_handler.go:20.76,27.51 2 0
task_mission/handlers/credit_handler.go:27.51,30.3 2 0
task_mission/handlers/credit_handler.go:31.2,32.22 2 0
task_mission/handlers/credit_handler.go:32.22,35.3 2 0
task_mission/handlers/credit_handler.go:36.2,36.94 1 0
task_mission/handlers/credit_handler.go:39.79,48.21 3 0
task_mission/handlers/credit_handler.go:48.21,50.3 1 0
task_mission/handlers/credit_handler.go:50.8,52.17 2 0
task_mission/handlers/credit_handler.go:52.17,55.4 2 0
task_mission/handlers/credit_handler.go:56.3,57.65 2 0
task_mission/handlers/credit_handler.go:59.2,59.22 1 0
task_mission/handlers/credit_handler.go:59.22,62.3 2 0
task_mission/handlers/credit_handler.go:63.2,63.91 1 0
task_mission/handlers/credit_handler.go:68.77,72.2 1 0
task_mission/handlers/dev_handler.go:16.74,24.42 1 0
task_mission/handlers/dev_handler.go:24.42,27.4 1 0
task_mission/handlers/dev_handler.go:29.42,32.4 1 0
task_mission/handlers/dev_handler.go:38.2,42.4 1 0
task_mission/handlers/dev_handler.go:46.71,49.2 2 0
task_mission/handlers/dev_handler.go:51.76,60.16 6 0
task_mission/handlers/dev_handler.go:60.16,63.3 2 0
task_mission/handlers/dev_handler.go:64.2,66.42 2 0
task_mission/handlers/dev_handler.go:94.34,96.2 1 0
task_mission/handlers/relation_handler.go:18.84,25.22 3 0
task_mission/handlers/relation_handler.go:25.22,28.3 2 0
task_mission/handlers/relation_handler.go:29.2,29.93 1 0
task_mission/handlers/relation_handler.go:32.85,39.22 3 0
task_mission/handlers/relation_handler.go:39.22,42.3 2 0
task_mission/handlers/relation_handler.go:43.2,43.94 1 0
task_mission/handlers/relation_handler.go:46.78,54.51 3 0
task_mission/handlers/relation_handler.go:54.51,57.3 2 0
task_mission/handlers/relation_handler.go:58.2,59.22 2 0
task_mission/handlers/relation_handler.go:59.22,62.3 2 0
task_mission/handlers/relation_handler.go:63.2,63.94 1 0
task_mission/handlers/relation_handler.go:66.82,68.23 1 0
task_mission/handlers/relation_handler.go:71.80,72.2 0 0
task_mission/handlers/relation_handler.go:74.88,76.23 1 0
task_mission/handlers/relation_handler.go:81.77,85.2 1 0
task_mission/handlers/reward_handler.go:19.80,26.22 3 0
task_mission/handlers/reward_handler.go:26.22,29.3 2 0
task_mission/handlers/reward_handler.go:30.2,30.91 1 0
task_mission/handlers/reward_handler.go:33.76,41.16 3 0
task_mission/handlers/reward_handler.go:41.16,44.3 2 0
task_mission/handlers/reward_handler.go:45.2,47.22 3 0
task_mission/handlers/reward_handler.go:47.22,50.3 2 0
task_mission/handlers/reward_handler.go:51.2,51.92 1 0
task_mission/handlers/reward_handler.go:54.79,56.23 1 0
task_mission/handlers/reward_handler.go:59.79,61.23 1 0
task_mission/handlers/reward_handler.go:64.71,68.2 1 0
task_mission/handlers/task_handler.go:20.79,29.16 4 0
task_mission/handlers/task_handler.go:29.16,32.3 2 0
task_mission/handlers/task_handler.go:33.2,35.26 3 0
task_mission/handlers/task_handler.go:35.26,37.3 1 0
task_mission/handlers/task_handler.go:38.2,38.79 1 0
task_mission/handlers/task_handler.go:41.81,50.51 3 0
task_mission/handlers/task_handler.go:50.51,53.3 2 0
task_mission/handlers/task_handler.go:55.2,56.16 2 0
task_mission/handlers/task_handler.go:56.16,59.3 2 0
task_mission/handlers/task_handler.go:61.2,61.95 1 0
task_mission/handlers/task_handler.go:64.82,72.16 4 0
task_mission/handlers/task_handler.go:72.16,75.3 2 0
task_mission/handlers/task_handler.go:76.2,76.90 1 0
task_mission/handlers/task_handler.go:79.84,89.16 5 0
task_mission/handlers/task_handler.go:89.16,92.3 2 0
task_mission/handlers/task_handler.go:93.2,95.26 3 0
task_mission/handlers/task_handler.go:95.26,98.3 2 0
task_mission/handlers/task_handler.go:99.2,99.87 1 0
task_mission/handlers/task_handler.go:105.69,107.2 1 0
task_mission/handlers/user_handler.go:21.79,31.52 3 0
task_mission/handlers/user_handler.go:31.52,34.3 2 0
task_mission/handlers/user_handler.go:36.2,37.16 2 0
task_mission/handlers/user_handler.go:37.16,40.3 2 0
task_mission/handlers/user_handler.go:42.2,52.12 4 0
task_mission/handlers/user_handler.go:52.12,55.17 3 0
task_mission/handlers/user_handler.go:55.17,58.4 2 0
task_mission/handlers/user_handler.go:59.3,59.95 1 0
task_mission/handlers/user_handler.go:61.2,61.11 1 0
task_mission/handlers/user_handler.go:64.76,73.51 3 0
task_mission/handlers/user_handler.go:73.51,76.3 2 0
task_mission/handlers/user_handler.go:78.2,79.22 2 0
task_mission/handlers/user_handler.go:79.22,82.3 2 0
task_mission/handlers/user_handler.go:84.2,84.80 1 0
task_mission/handlers/user_handler.go:87.82,89.23 1 0
task_mission/handlers/user_handler.go:92.81,94.23 1 0
task_mission/handlers/user_handler.go:97.75,99.2 0 0
task_mission/handlers/user_handler.go:103.65,107.2 1 0
task_mission/entities/dtos/responses/category_response.go:32.75,40.2 1 0
task_mission/entities/dtos/responses/category_response.go:42.84,44.40 2 0
task_mission/entities/dtos/responses/category_response.go:44.40,52.3 1 0
task_mission/entities/dtos/responses/category_response.go:53.2,53.15 1 0
task_mission/entities/dtos/responses/category_response.go:56.109,64.33 2 0
task_mission/entities/dtos/responses/category_response.go:64.33,71.3 1 0
task_mission/entities/dtos/responses/category_response.go:73.2,80.3 1 0
task_mission/entities/dtos/responses/response.go:9.65,11.2 1 0
task_mission/entities/dtos/responses/reward_response.go:49.173,54.38 2 0
task_mission/entities/dtos/responses/reward_response.go:54.38,62.3 1 0
task_mission/entities/dtos/responses/reward_response.go:63.2,86.3 1 0
task_mission/entities/dtos/responses/reward_response.go:89.71,99.2 1 0
task_mission/entities/dtos/responses/reward_response.go:101.77,103.33 2 0
task_mission/entities/dtos/responses/reward_response.go:103.33,106.3 2 0
task_mission/entities/dtos/responses/reward_response.go:107.2,107.15 1 0
task_mission/entities/dtos/responses/task_response.go:63.105,82.2 1 0
task_mission/entities/dtos/responses/task_response.go:84.138,107.2 1 0
task_mission/entities/dtos/responses/user_task_response.go:17.71,26.2 1 0
task_mission/mocks/usecasemocks/user_usecase.go:24.144,27.19 2 0
task_mission/mocks/usecasemocks/user_usecase.go:27.19,28.51 1 0
task_mission/mocks/usecasemocks/user_usecase.go:31.2,33.136 3 0
task_mission/mocks/usecasemocks/user_usecase.go:33.136,35.3 1 0
task_mission/mocks/usecasemocks/user_usecase.go:36.2,36.111 1 0
task_mission/mocks/usecasemocks/user_usecase.go:36.111,38.3 1 0
task_mission/mocks/usecasemocks/user_usecase.go:38.8,39.24 1 0
task_mission/mocks/usecasemocks/user_usecase.go:39.24,41.4 1 0
task_mission/mocks/usecasemocks/user_usecase.go:44.2,44.104 1 0
task_mission/mocks/usecasemocks/user_usecase.go:44.104,46.3 1 0
task_mission/mocks/usecasemocks/user_usecase.go:46.8,47.24 1 0
task_mission/mocks/usecasemocks/user_usecase.go:47.24,49.4 1 0
task_mission/mocks/usecasemocks/user_usecase.go:52.2,52.15 1 0
task_mission/mocks/usecasemocks/user_usecase.go:56.137,59.19 2 0
task_mission/mocks/usecasemocks/user_usecase.go:59.19,60.54 1 0
task_mission/mocks/usecasemocks/user_usecase.go:63.2,65.123 3 0
task_mission/mocks/usecasemocks/user_usecase.go:65.123,67.3 1 0
task_mission/mocks/usecasemocks/user_usecase.go:68.2,68.98 1 0
task_mission/mocks/usecasemocks/user_usecase.go:68.98,70.3 1 0
task_mission/mocks/usecasemocks/user_usecase.go:70.8,71.24 1 0
task_mission/mocks/usecasemocks/user_usecase.go:71.24,73.4 1 0
task_mission/mocks/usecasemocks/user_usecase.go:76.2,76.107 1 0
task_mission/mocks/usecasemocks/user_usecase.go:76.107,78.3 1 0
task_mission/mocks/usecasemocks/user_usecase.go:78.8,79.24 1 0
task_mission/mocks/usecasemocks/user_usecase.go:79.24,81.4 1 0
task_mission/mocks/usecasemocks/user_usecase.go:84.2,84.15 1 0
task_mission/mocks/usecasemocks/user_usecase.go:88.106,91.19 2 0
task_mission/mocks/usecasemocks/user_usecase.go:91.19,92.52 1 0
task_mission/mocks/usecasemocks/user_usecase.go:95.2,97.100 3 0
task_mission/mocks/usecasemocks/user_usecase.go:97.100,99.3 1 0
task_mission/mocks/usecasemocks/user_usecase.go:100.2,100.75 1 0
task_mission/mocks/usecasemocks/user_usecase.go:100.75,102.3 1 0
task_mission/mocks/usecasemocks/user_usecase.go:102.8,103.24 1 0
task_mission/mocks/usecasemocks/user_usecase.go:103.24,105.4 1 0
task_mission/mocks/usecasemocks/user_usecase.go:108.2,108.84 1 0
task_mission/mocks/usecasemocks/user_usecase.go:108.84,110.3 1 0
task_mission/mocks/usecasemocks/user_usecase.go:110.8,111.24 1 0
task_mission/mocks/usecasemocks/user_usecase.go:111.24,113.4 1 0
task_mission/mocks/usecasemocks/user_usecase.go:116.2,116.15 1 0
task_mission/mocks/usecasemocks/user_usecase.go:124.18,128.19 3 0
task_mission/mocks/usecasemocks/user_usecase.go:128.19,128.49 1 0
task_mission/mocks/usecasemocks/user_usecase.go:130.2,130.13 1 0
task_mission/pkg/db/db.go:33.68,42.16 4 0
task_mission/pkg/db/db.go:42.16,44.3 1 0
task_mission/pkg/db/db.go:45.2,50.16 6 0
task_mission/pkg/db/db.go:50.16,53.3 2 0
task_mission/pkg/db/db.go:54.2,70.8 1 0
task_mission/pkg/db/drop.go:9.43,25.2 1 0
task_mission/pkg/db/drop.go:27.55,30.34 2 0
task_mission/pkg/db/drop.go:30.34,32.17 2 0
task_mission/pkg/db/drop.go:32.17,35.4 2 0
task_mission/pkg/db/migration.go:9.52,25.2 1 0
task_mission/pkg/db/migration.go:27.58,30.39 2 0
task_mission/pkg/db/migration.go:30.39,32.17 2 0
task_mission/pkg/db/migration.go:32.17,35.4 2 0
task_mission/pkg/db/seed.go:8.54,13.35 5 0
task_mission/pkg/db/seed.go:13.35,16.3 2 0
task_mission/pkg/db/seed.go:19.58,32.38 2 0
task_mission/pkg/db/seed.go:32.38,34.3 1 0
task_mission/pkg/config/constructor.go:8.52,11.16 3 0
task_mission/pkg/config/constructor.go:11.16,13.3 1 0
task_mission/pkg/config/constructor.go:14.2,17.42 3 0
task_mission/pkg/config/constructor.go:17.42,19.3 1 0
task_mission/pkg/config/constructor.go:20.2,20.20 1 0
task_mission/pkg/config/run.go:16.35,20.55 4 0
task_mission/pkg/config/run.go:20.55,22.3 1 0
task_mission/pkg/config/run.go:23.2,23.24 1 0
task_mission/pkg/config/run.go:26.44,28.16 2 0
task_mission/pkg/config/run.go:28.16,30.3 1 0
task_mission/pkg/config/run.go:31.2,31.15 1 0
task_mission/pkg/config/run.go:31.15,33.3 1 0
task_mission/pkg/config/run.go:34.2,34.12 1 0
task_mission/pkg/config/run.go:37.37,48.12 4 0
task_mission/pkg/config/run.go:48.12,49.77 1 0
task_mission/pkg/config/run.go:49.77,51.4 1 0
task_mission/pkg/config/run.go:54.2,60.42 5 0
task_mission/pkg/config/run.go:60.42,62.3 1 0
task_mission/pkg/config/run.go:64.2,64.31 1 0
task_mission/pkg/firebases/firebase.go:19.66,21.16 2 0
task_mission/pkg/firebases/firebase.go:21.16,23.3 1 0
task_mission/pkg/firebases/firebase.go:24.2,26.8 1 0
task_mission/pkg/firebases/firebase.go:29.70,31.16 2 0
task_mission/pkg/firebases/firebase.go:31.16,33.3 1 0
task_mission/pkg/firebases/firebase.go:34.2,35.16 2 0
task_mission/pkg/firebases/firebase.go:35.16,37.3 1 0
task_mission/pkg/firebases/firebase.go:38.2,39.16 2 0
task_mission/pkg/firebases/firebase.go:39.16,41.3 1 0
task_mission/pkg/firebases/firebase.go:42.2,45.46 3 0
task_mission/pkg/firebases/firebase.go:45.46,47.3 1 0
task_mission/pkg/firebases/firebase.go:48.2,48.12 1 0
task_mission/pkg/email/mailtrap.go:20.81,38.2 10 0
task_mission/pkg/email/mailtrap.go:40.63,42.16 2 0
task_mission/pkg/email/mailtrap.go:42.16,45.3 2 0
task_mission/pkg/email/mailtrap.go:47.2,48.16 2 0
task_mission/pkg/email/mailtrap.go:48.16,51.3 2 0
task_mission/pkg/email/mailtrap.go:53.2,54.56 2 0
task_mission/pkg/email/mailtrap.go:54.56,57.3 2 0
task_mission/pkg/email/mailtrap.go:59.2,66.53 7 0
task_mission/pkg/email/mailtrap.go:66.53,69.3 2 0
task_mission/pkg/email/mailtrap.go:70.2,71.12 2 0
task_mission/pkg/email/mailtrap.go:74.46,76.2 1 0
task_mission/pkg/email/mailtrap.go:78.42,80.2 1 0
task_mission/pkg/email/sendgrid.go:21.81,31.2 4 0
task_mission/pkg/email/sendgrid.go:33.75,35.16 2 0
task_mission/pkg/email/sendgrid.go:35.16,38.3 2 0
task_mission/pkg/email/sendgrid.go:40.2,41.16 2 0
task_mission/pkg/email/sendgrid.go:41.16,44.3 2 0
task_mission/pkg/email/sendgrid.go:46.2,47.56 2 0
task_mission/pkg/email/sendgrid.go:47.56,50.3 2 0
task_mission/pkg/email/sendgrid.go:52.2,57.16 5 0
task_mission/pkg/email/sendgrid.go:57.16,60.3 2 0
task_mission/pkg/email/sendgrid.go:62.2,62.62 1 0
task_mission/pkg/email/sendgrid.go:62.62,64.3 1 0
task_mission/pkg/email/sendgrid.go:64.8,66.3 1 0
task_mission/pkg/email/sendgrid.go:67.2,67.22 1 0
task_mission/pkg/email/sendgrid.go:70.64,72.2 1 0
task_mission/pkg/email/sendgrid.go:74.60,76.2 1 0
task_mission/pkg/grafana/otel.go:18.90,24.45 2 0
task_mission/pkg/grafana/otel.go:24.45,26.36 2 0
task_mission/pkg/grafana/otel.go:26.36,28.4 1 0
task_mission/pkg/grafana/otel.go:29.3,30.13 2 0
task_mission/pkg/grafana/otel.go:34.2,34.33 1 0
task_mission/pkg/grafana/otel.go:34.33,36.3 1 0
task_mission/pkg/grafana/otel.go:38.2,45.16 4 0
task_mission/pkg/grafana/otel.go:45.16,47.3 1 0
task_mission/pkg/grafana/otel.go:49.2,50.16 2 0
task_mission/pkg/grafana/otel.go:50.16,53.3 2 0
task_mission/pkg/grafana/otel.go:54.2,58.16 4 0
task_mission/pkg/grafana/otel.go:58.16,60.3 1 0
task_mission/pkg/grafana/otel.go:62.2,63.16 2 0
task_mission/pkg/grafana/otel.go:63.16,66.3 2 0
task_mission/pkg/grafana/otel.go:67.2,71.16 4 0
task_mission/pkg/grafana/otel.go:71.16,73.3 1 0
task_mission/pkg/grafana/otel.go:75.2,75.8 1 0
task_mission/queries/query.go:9.38,11.2 1 0
task_mission/queries/query.go:13.43,15.2 1 0
task_mission/queries/query.go:17.36,19.2 1 0
task_mission/repositories/category_repository.go:16.110,18.2 1 0
task_mission/repositories/category_repository.go:20.98,23.16 2 0
task_mission/repositories/category_repository.go:23.16,25.3 1 0
task_mission/repositories/category_repository.go:26.2,26.20 1 0
task_mission/repositories/category_repository.go:29.104,32.16 3 0
task_mission/repositories/category_repository.go:32.16,34.3 1 0
task_mission/repositories/category_repository.go:35.2,35.20 1 0
task_mission/repositories/category_repository.go:38.81,40.23 1 0
task_mission/repositories/category_repository.go:43.121,45.23 1 0
task_mission/repositories/category_repository.go:48.60,50.2 1 0
task_mission/repositories/credit_repository.go:16.116,18.16 2 0
task_mission/repositories/credit_repository.go:18.16,20.3 1 0
task_mission/repositories/credit_repository.go:21.2,21.18 1 0
task_mission/repositories/credit_repository.go:21.18,32.17 3 0
task_mission/repositories/credit_repository.go:32.17,34.4 1 0
task_mission/repositories/credit_repository.go:35.3,35.34 1 0
task_mission/repositories/credit_repository.go:37.2,37.20 1 0
task_mission/repositories/credit_repository.go:40.106,42.2 1 0
task_mission/repositories/credit_repository.go:44.94,46.16 2 0
task_mission/repositories/credit_repository.go:46.16,48.3 1 0
task_mission/repositories/credit_repository.go:49.2,49.20 1 0
task_mission/repositories/credit_repository.go:52.100,55.16 3 0
task_mission/repositories/credit_repository.go:55.16,57.3 1 0
task_mission/repositories/credit_repository.go:58.2,58.20 1 0
task_mission/repositories/credit_repository.go:61.79,63.23 1 0
task_mission/repositories/credit_repository.go:66.115,68.23 1 0
task_mission/repositories/credit_repository.go:71.56,75.2 1 0
task_mission/repositories/relation_repository.go:17.124,19.2 1 0
task_mission/repositories/relation_repository.go:21.143,32.16 3 0
task_mission/repositories/relation_repository.go:32.16,34.3 1 0
task_mission/repositories/relation_repository.go:35.2,35.20 1 0
task_mission/repositories/relation_repository.go:38.123,40.2 1 0
task_mission/repositories/relation_repository.go:42.110,44.2 1 0
task_mission/repositories/relation_repository.go:46.98,49.2 1 0
task_mission/repositories/relation_repository.go:51.104,54.16 3 0
task_mission/repositories/relation_repository.go:54.16,56.3 1 0
task_mission/repositories/relation_repository.go:57.2,57.20 1 0
task_mission/repositories/relation_repository.go:60.81,62.23 1 0
task_mission/repositories/relation_repository.go:65.121,67.23 1 0
task_mission/repositories/relation_repository.go:70.145,72.16 2 0
task_mission/repositories/relation_repository.go:72.16,74.3 1 0
task_mission/repositories/relation_repository.go:75.2,75.18 1 0
task_mission/repositories/relation_repository.go:75.18,87.3 3 0
task_mission/repositories/relation_repository.go:88.2,88.20 1 0
task_mission/repositories/relation_repository.go:91.60,93.2 1 0
task_mission/repositories/reward_category_repository.go:16.123,18.2 1 0
task_mission/repositories/reward_category_repository.go:20.127,22.2 1 0
task_mission/repositories/reward_category_repository.go:24.122,26.2 1 0
task_mission/repositories/reward_category_repository.go:28.110,31.16 2 0
task_mission/repositories/reward_category_repository.go:31.16,33.3 1 0
task_mission/repositories/reward_category_repository.go:34.2,34.20 1 0
task_mission/repositories/reward_category_repository.go:37.116,39.2 1 0
task_mission/repositories/reward_category_repository.go:41.87,43.23 1 0
task_mission/repositories/reward_category_repository.go:46.139,48.23 1 0
task_mission/repositories/reward_category_repository.go:51.152,53.16 2 0
task_mission/repositories/reward_category_repository.go:53.16,55.3 1 0
task_mission/repositories/reward_category_repository.go:56.2,57.18 2 0
task_mission/repositories/reward_category_repository.go:57.18,60.17 3 0
task_mission/repositories/reward_category_repository.go:60.17,62.4 1 0
task_mission/repositories/reward_category_repository.go:63.3,63.66 1 0
task_mission/repositories/reward_category_repository.go:65.2,65.32 1 0
task_mission/repositories/reward_category_repository.go:68.72,70.2 1 0
task_mission/repositories/reward_repository.go:16.106,18.2 1 0
task_mission/repositories/reward_repository.go:20.94,23.16 2 0
task_mission/repositories/reward_repository.go:23.16,25.3 1 0
task_mission/repositories/reward_repository.go:26.2,26.20 1 0
task_mission/repositories/reward_repository.go:29.100,32.16 3 0
task_mission/repositories/reward_repository.go:32.16,34.3 1 0
task_mission/repositories/reward_repository.go:35.2,35.20 1 0
task_mission/repositories/reward_repository.go:38.79,40.23 1 0
task_mission/repositories/reward_repository.go:43.115,45.23 1 0
task_mission/repositories/reward_repository.go:48.56,50.2 1 0
task_mission/repositories/role_repository.go:16.101,18.2 1 0
task_mission/repositories/role_repository.go:20.89,22.2 1 0
task_mission/repositories/role_repository.go:24.95,26.2 1 0
task_mission/repositories/role_repository.go:28.76,30.2 1 0
task_mission/repositories/role_repository.go:32.108,34.2 1 0
task_mission/repositories/role_repository.go:36.52,40.2 1 0
task_mission/repositories/task_repository.go:16.102,18.2 1 0
task_mission/repositories/task_repository.go:20.90,22.16 2 0
task_mission/repositories/task_repository.go:22.16,24.3 1 0
task_mission/repositories/task_repository.go:25.2,25.20 1 0
task_mission/repositories/task_repository.go:28.96,31.16 3 0
task_mission/repositories/task_repository.go:31.16,33.3 1 0
task_mission/repositories/task_repository.go:34.2,34.20 1 0
task_mission/repositories/task_repository.go:37.77,39.23 1 0
task_mission/repositories/task_repository.go:42.109,44.23 1 0
task_mission/repositories/task_repository.go:49.52,51.2 1 0
task_mission/repositories/task_reward_repository.go:16.120,24.16 3 0
task_mission/repositories/task_reward_repository.go:24.16,26.3 1 0
task_mission/repositories/task_reward_repository.go:27.2,27.20 1 0
task_mission/repositories/task_reward_repository.go:30.114,32.2 1 0
task_mission/repositories/task_reward_repository.go:34.102,36.23 1 0
task_mission/repositories/task_reward_repository.go:39.108,42.2 1 0
task_mission/repositories/task_reward_repository.go:44.83,46.23 1 0
task_mission/repositories/task_reward_repository.go:49.127,51.23 1 0
task_mission/repositories/task_reward_repository.go:54.124,62.16 3 0
task_mission/repositories/task_reward_repository.go:62.16,64.3 1 0
task_mission/repositories/task_reward_repository.go:65.2,65.20 1 0
task_mission/repositories/task_reward_repository.go:68.64,70.2 1 0
task_mission/repositories/unit_of_work.go:15.44,17.2 1 0
task_mission/repositories/unit_of_work.go:19.84,20.30 1 0
task_mission/repositories/unit_of_work.go:21.15,23.17 2 0
task_mission/repositories/unit_of_work.go:23.17,25.4 1 0
task_mission/repositories/unit_of_work.go:26.3,26.16 1 0
task_mission/repositories/unit_of_work.go:27.15,28.15 1 0
task_mission/repositories/unit_of_work.go:30.2,30.17 1 0
task_mission/repositories/unit_of_work.go:33.41,35.9 2 0
task_mission/repositories/unit_of_work.go:35.9,37.3 1 0
task_mission/repositories/unit_of_work.go:38.2,38.22 1 0
task_mission/repositories/unit_of_work.go:41.39,43.9 2 0
task_mission/repositories/unit_of_work.go:43.9,45.3 1 0
task_mission/repositories/unit_of_work.go:46.2,46.20 1 0
task_mission/repositories/unit_of_work.go:49.73,51.2 1 0
task_mission/repositories/unit_of_work.go:53.73,55.2 1 0
task_mission/repositories/unit_of_work.go:57.81,59.2 1 0
task_mission/repositories/unit_of_work.go:61.87,63.2 1 0
task_mission/repositories/unit_of_work.go:65.81,67.2 1 0
task_mission/repositories/unit_of_work.go:69.73,71.2 1 0
task_mission/repositories/unit_of_work.go:73.77,75.2 1 0
task_mission/repositories/unit_of_work.go:77.85,79.2 1 0
task_mission/repositories/unit_of_work.go:81.93,83.2 1 0
task_mission/repositories/unit_of_work.go:85.85,87.2 1 0
task_mission/repositories/unit_of_work.go:89.81,91.2 1 0
task_mission/repositories/unit_of_work.go:93.81,95.2 1 0
task_mission/repositories/unit_of_work.go:97.77,99.2 1 0
task_mission/repositories/user_credit_repository.go:16.113,18.2 1 0
task_mission/repositories/user_credit_repository.go:20.101,22.23 1 0
task_mission/repositories/user_credit_repository.go:25.107,27.2 1 0
task_mission/repositories/user_credit_repository.go:29.82,31.23 1 0
task_mission/repositories/user_credit_repository.go:34.126,36.23 1 0
task_mission/repositories/user_credit_repository.go:41.64,43.2 1 0
task_mission/repositories/user_profile_repository.go:16.120,21.16 3 0
task_mission/repositories/user_profile_repository.go:21.16,23.3 1 0
task_mission/repositories/user_profile_repository.go:24.2,24.20 1 0
task_mission/repositories/user_profile_repository.go:27.116,29.2 1 0
task_mission/repositories/user_profile_repository.go:31.104,34.2 1 0
task_mission/repositories/user_profile_repository.go:36.122,39.16 3 0
task_mission/repositories/user_profile_repository.go:39.16,41.3 1 0
task_mission/repositories/user_profile_repository.go:42.2,42.20 1 0
task_mission/repositories/user_profile_repository.go:45.110,49.2 1 0
task_mission/repositories/user_profile_repository.go:51.84,53.23 1 0
task_mission/repositories/user_profile_repository.go:56.130,58.23 1 0
task_mission/repositories/user_profile_repository.go:63.66,65.2 1 0
task_mission/repositories/user_repository.go:16.102,18.2 1 0
task_mission/repositories/user_repository.go:20.90,22.2 1 0
task_mission/repositories/user_repository.go:24.96,27.16 3 0
task_mission/repositories/user_repository.go:27.16,29.3 1 0
task_mission/repositories/user_repository.go:30.2,30.20 1 0
task_mission/repositories/user_repository.go:33.77,35.2 1 0
task_mission/repositories/user_repository.go:37.98,39.16 2 0
task_mission/repositories/user_repository.go:39.16,41.3 1 0
task_mission/repositories/user_repository.go:42.2,42.21 1 0
task_mission/repositories/user_repository.go:47.52,49.2 1 0
task_mission/repositories/user_role_repository.go:16.116,19.16 3 0
task_mission/repositories/user_role_repository.go:19.16,21.3 1 0
task_mission/repositories/user_role_repository.go:22.2,22.20 1 0
task_mission/repositories/user_role_repository.go:25.110,27.2 1 0
task_mission/repositories/user_role_repository.go:29.98,31.23 1 0
task_mission/repositories/user_role_repository.go:34.104,36.23 1 0
task_mission/repositories/user_role_repository.go:39.81,41.23 1 0
task_mission/repositories/user_role_repository.go:44.121,46.23 1 0
task_mission/repositories/user_role_repository.go:51.60,55.2 1 0
task_mission/repositories/user_task_repository.go:16.110,18.2 1 0
task_mission/repositories/user_task_repository.go:20.98,22.23 1 0
task_mission/repositories/user_task_repository.go:25.104,27.23 1 0
task_mission/repositories/user_task_repository.go:30.81,32.23 1 0
task_mission/repositories/user_task_repository.go:35.121,37.23 1 0
task_mission/repositories/user_task_repository.go:42.60,44.2 1 0
task_mission/utils/common.go:10.54,12.2 1 0
task_mission/utils/common.go:14.54,16.16 2 0
task_mission/utils/common.go:16.16,18.3 1 0
task_mission/utils/common.go:19.2,19.22 1 0
task_mission/utils/common.go:22.45,24.2 1 0
task_mission/utils/common.go:26.53,29.38 3 0
task_mission/utils/common.go:29.38,32.3 2 0
task_mission/utils/common.go:33.2,33.15 1 0
task_mission/utils/common.go:36.55,37.23 1 0
task_mission/utils/common.go:37.23,39.3 1 0
task_mission/utils/common.go:40.2,41.33 2 0
task_mission/utils/common.go:41.33,43.3 1 0
task_mission/utils/common.go:44.2,44.42 1 0
task_mission/utils/query.go:20.108,22.16 2 0
task_mission/utils/query.go:22.16,24.3 1 0
task_mission/utils/query.go:25.2,27.16 3 0
task_mission/utils/query.go:27.16,29.3 1 0
task_mission/utils/query.go:30.2,30.16 1 0
task_mission/utils/query.go:33.102,36.16 3 0
task_mission/utils/query.go:36.16,38.3 1 0
task_mission/utils/query.go:39.2,40.16 2 0
task_mission/utils/query.go:40.16,42.3 1 0
task_mission/utils/query.go:44.2,46.22 3 0
task_mission/utils/query.go:46.22,48.3 1 0
task_mission/utils/query.go:50.2,50.18 1 0
task_mission/utils/query.go:50.18,53.17 3 0
task_mission/utils/query.go:53.17,55.4 1 0
task_mission/utils/query.go:56.3,56.28 1 0
task_mission/utils/query.go:56.28,59.4 2 0
task_mission/utils/query.go:60.3,60.59 1 0
task_mission/utils/query.go:62.2,62.20 1 0
task_mission/utils/query.go:65.99,67.16 2 0
task_mission/utils/query.go:67.16,69.3 1 0
task_mission/utils/query.go:70.2,71.16 2 0
task_mission/utils/query.go:71.16,73.3 1 0
task_mission/utils/query.go:74.2,74.12 1 0
task_mission/utils/query.go:77.106,81.16 3 0
task_mission/utils/query.go:81.16,83.3 1 0
task_mission/utils/query.go:84.2,85.16 2 0
task_mission/utils/query.go:85.16,87.3 1 0
task_mission/utils/query.go:88.2,94.38 4 0
task_mission/utils/query.go:94.38,97.3 2 0
task_mission/utils/query.go:99.2,100.16 2 0
task_mission/utils/query.go:100.16,102.3 1 0
task_mission/utils/query.go:103.2,103.12 1 0
task_mission/utils/query.go:106.105,108.16 2 0
task_mission/utils/query.go:108.16,110.3 1 0
task_mission/utils/query.go:111.2,112.16 2 0
task_mission/utils/query.go:112.16,114.3 1 0
task_mission/utils/query.go:115.2,115.12 1 0
task_mission/utils/rest.go:14.61,16.2 1 0
task_mission/utils/rest.go:18.61,20.2 1 0
task_mission/utils/rest.go:22.53,24.16 2 0
task_mission/utils/rest.go:24.16,26.3 1 0
task_mission/utils/rest.go:27.2,28.36 2 0
task_mission/utils/rest.go:28.36,31.3 2 0
task_mission/utils/rest.go:33.2,35.31 2 0
task_mission/utils/rest.go:35.31,37.20 2 0
task_mission/utils/rest.go:37.20,39.51 2 0
task_mission/utils/rest.go:39.51,40.51 1 0
task_mission/utils/rest.go:40.51,42.6 1 0
task_mission/utils/rest.go:42.11,44.6 1 0
task_mission/utils/rest.go:49.2,49.12 1 0
task_mission/utils/rest.go:52.125,55.43 3 0
task_mission/utils/rest.go:55.43,57.3 1 0
task_mission/utils/rest.go:58.2,61.16 4 0
task_mission/utils/rest.go:61.16,64.3 2 0
task_mission/utils/rest.go:67.75,71.2 3 0
task_mission/utils/validate.go:11.67,13.42 2 0
task_mission/utils/validate.go:13.42,15.3 1 0
task_mission/utils/validate.go:16.2,16.12 1 0
task_mission/utils/validate.go:19.52,22.2 2 0
task_mission/utils/validate.go:24.50,27.2 2 0
task_mission/utils/validate.go:29.45,39.45 4 0
task_mission/utils/validate.go:39.45,40.32 1 0
task_mission/utils/validate.go:40.32,42.4 1 0
task_mission/utils/validate.go:45.2,45.18 1 0
task_mission/utils/validate.go:45.18,47.3 1 0
task_mission/utils/validate.go:49.2,49.14 1 0
task_mission/usecases/category_usecase.go:19.168,24.16 3 0
task_mission/usecases/category_usecase.go:24.16,26.3 1 0
task_mission/usecases/category_usecase.go:27.2,28.16 2 0
task_mission/usecases/category_usecase.go:28.16,30.3 1 0
task_mission/usecases/category_usecase.go:31.2,32.20 2 0
task_mission/usecases/category_usecase.go:35.137,37.16 2 0
task_mission/usecases/category_usecase.go:37.16,39.3 1 0
task_mission/usecases/category_usecase.go:40.2,41.20 2 0
task_mission/usecases/category_usecase.go:44.159,46.16 2 0
task_mission/usecases/category_usecase.go:46.16,48.3 1 0
task_mission/usecases/category_usecase.go:50.2,51.16 2 0
task_mission/usecases/category_usecase.go:51.16,53.3 1 0
task_mission/usecases/category_usecase.go:55.2,56.49 2 0
task_mission/usecases/category_usecase.go:56.49,58.17 2 0
task_mission/usecases/category_usecase.go:58.17,60.4 1 0
task_mission/usecases/category_usecase.go:61.3,61.36 1 0
task_mission/usecases/category_usecase.go:64.2,65.20 2 0
task_mission/usecases/category_usecase.go:73.84,79.2 1 0
task_mission/usecases/credit_usecase.go:21.164,24.16 3 0
task_mission/usecases/credit_usecase.go:24.16,26.3 1 0
task_mission/usecases/credit_usecase.go:27.2,28.16 2 0
task_mission/usecases/credit_usecase.go:28.16,30.3 1 0
task_mission/usecases/credit_usecase.go:31.2,38.16 3 0
task_mission/usecases/credit_usecase.go:38.16,40.3 1 0
task_mission/usecases/credit_usecase.go:41.2,42.16 2 0
task_mission/usecases/credit_usecase.go:42.16,44.3 1 0
task_mission/usecases/credit_usecase.go:45.2,49.22 2 0
task_mission/usecases/credit_usecase.go:52.149,54.16 2 0
task_mission/usecases/credit_usecase.go:54.16,56.3 1 0
task_mission/usecases/credit_usecase.go:57.2,58.16 2 0
task_mission/usecases/credit_usecase.go:58.16,60.3 1 0
task_mission/usecases/credit_usecase.go:61.2,66.22 3 0
task_mission/usecases/credit_usecase.go:69.134,71.16 2 0
task_mission/usecases/credit_usecase.go:71.16,73.3 1 0
task_mission/usecases/credit_usecase.go:74.2,75.33 2 0
task_mission/usecases/credit_usecase.go:75.33,77.3 1 0
task_mission/usecases/credit_usecase.go:78.2,78.39 1 0
task_mission/usecases/credit_usecase.go:78.39,85.3 3 0
task_mission/usecases/credit_usecase.go:86.2,86.20 1 0
task_mission/usecases/credit_usecase.go:94.74,100.2 1 0
task_mission/usecases/relation_usecase.go:24.136,27.16 3 0
task_mission/usecases/relation_usecase.go:27.16,29.3 1 0
task_mission/usecases/relation_usecase.go:30.2,30.37 1 0
task_mission/usecases/relation_usecase.go:30.37,32.17 2 0
task_mission/usecases/relation_usecase.go:32.17,34.4 1 0
task_mission/usecases/relation_usecase.go:35.3,36.17 2 0
task_mission/usecases/relation_usecase.go:36.17,38.4 1 0
task_mission/usecases/relation_usecase.go:39.3,49.36 3 0
task_mission/usecases/relation_usecase.go:51.2,51.20 1 0
task_mission/usecases/relation_usecase.go:54.138,57.16 3 0
task_mission/usecases/relation_usecase.go:57.16,59.3 1 0
task_mission/usecases/relation_usecase.go:60.2,61.39 2 0
task_mission/usecases/relation_usecase.go:61.39,63.17 2 0
task_mission/usecases/relation_usecase.go:63.17,65.4 1 0
task_mission/usecases/relation_usecase.go:66.3,67.17 2 0
task_mission/usecases/relation_usecase.go:67.17,69.4 1 0
task_mission/usecases/relation_usecase.go:70.3,80.36 3 0
task_mission/usecases/relation_usecase.go:82.2,82.20 1 0
task_mission/usecases/relation_usecase.go:85.165,97.12 4 0
task_mission/usecases/relation_usecase.go:97.12,100.17 3 0
task_mission/usecases/relation_usecase.go:100.17,103.4 2 0
task_mission/usecases/relation_usecase.go:106.2,106.12 1 0
task_mission/usecases/relation_usecase.go:106.12,109.17 3 0
task_mission/usecases/relation_usecase.go:109.17,112.4 2 0
task_mission/usecases/relation_usecase.go:115.2,118.30 3 0
task_mission/usecases/relation_usecase.go:118.30,119.24 1 0
task_mission/usecases/relation_usecase.go:119.24,121.4 1 0
task_mission/usecases/relation_usecase.go:124.2,130.16 3 0
task_mission/usecases/relation_usecase.go:130.16,132.3 1 0
task_mission/usecases/relation_usecase.go:134.2,135.16 2 0
task_mission/usecases/relation_usecase.go:135.16,137.3 1 0
task_mission/usecases/relation_usecase.go:139.2,150.8 2 0
task_mission/usecases/relation_usecase.go:153.62,155.23 1 0
task_mission/usecases/relation_usecase.go:163.20,170.2 1 0
task_mission/usecases/reward_usecase.go:26.155,28.23 1 0
task_mission/usecases/reward_usecase.go:31.134,33.16 2 0
task_mission/usecases/reward_usecase.go:33.16,35.3 1 0
task_mission/usecases/reward_usecase.go:36.2,37.20 2 0
task_mission/usecases/reward_usecase.go:40.145,42.16 2 0
task_mission/usecases/reward_usecase.go:42.16,44.3 1 0
task_mission/usecases/reward_usecase.go:46.2,60.12 3 0
task_mission/usecases/reward_usecase.go:60.12,63.17 3 0
task_mission/usecases/reward_usecase.go:63.17,66.4 2 0
task_mission/usecases/reward_usecase.go:68.3,68.50 1 0
task_mission/usecases/reward_usecase.go:68.50,71.18 3 0
task_mission/usecases/reward_usecase.go:71.18,74.5 2 0
task_mission/usecases/reward_usecase.go:75.4,75.45 1 0
task_mission/usecases/reward_usecase.go:79.2,79.12 1 0
task_mission/usecases/reward_usecase.go:79.12,83.17 3 0
task_mission/usecases/reward_usecase.go:83.17,86.4 2 0
task_mission/usecases/reward_usecase.go:87.3,88.17 2 0
task_mission/usecases/reward_usecase.go:88.17,91.4 2 0
task_mission/usecases/reward_usecase.go:94.2,94.12 1 0
task_mission/usecases/reward_usecase.go:94.12,97.17 3 0
task_mission/usecases/reward_usecase.go:97.17,100.4 2 0
task_mission/usecases/reward_usecase.go:102.3,103.17 2 0
task_mission/usecases/reward_usecase.go:103.17,106.4 2 0
task_mission/usecases/reward_usecase.go:109.2,109.12 1 0
task_mission/usecases/reward_usecase.go:109.12,112.3 2 0
task_mission/usecases/reward_usecase.go:114.2,114.26 1 0
task_mission/usecases/reward_usecase.go:114.26,116.3 1 0
task_mission/usecases/reward_usecase.go:118.2,120.20 2 0
task_mission/usecases/reward_usecase.go:134.18,145.2 1 0
task_mission/usecases/task_usecase.go:29.145,43.12 3 0
task_mission/usecases/task_usecase.go:43.12,46.17 3 0
task_mission/usecases/task_usecase.go:46.17,49.4 2 0
task_mission/usecases/task_usecase.go:50.3,51.17 2 0
task_mission/usecases/task_usecase.go:51.17,54.4 2 0
task_mission/usecases/task_usecase.go:57.2,57.12 1 0
task_mission/usecases/task_usecase.go:57.12,60.17 3 0
task_mission/usecases/task_usecase.go:60.17,63.4 2 0
task_mission/usecases/task_usecase.go:64.3,65.17 2 0
task_mission/usecases/task_usecase.go:65.17,68.4 2 0
task_mission/usecases/task_usecase.go:69.3,70.17 2 0
task_mission/usecases/task_usecase.go:70.17,73.4 2 0
task_mission/usecases/task_usecase.go:76.2,78.9 2 0
task_mission/usecases/task_usecase.go:79.23,80.102 1 0
task_mission/usecases/task_usecase.go:81.10,82.76 1 0
task_mission/usecases/task_usecase.go:85.2,85.20 1 0
task_mission/usecases/task_usecase.go:88.116,97.16 3 0
task_mission/usecases/task_usecase.go:97.16,99.3 1 0
task_mission/usecases/task_usecase.go:100.2,100.15 1 0
task_mission/usecases/task_usecase.go:100.15,101.17 1 0
task_mission/usecases/task_usecase.go:101.17,103.18 2 0
task_mission/usecases/task_usecase.go:103.18,105.5 1 0
task_mission/usecases/task_usecase.go:107.3,107.23 1 0
task_mission/usecases/task_usecase.go:109.2,113.12 3 0
task_mission/usecases/task_usecase.go:113.12,116.17 3 0
task_mission/usecases/task_usecase.go:116.17,119.4 2 0
task_mission/usecases/task_usecase.go:122.2,122.12 1 0
task_mission/usecases/task_usecase.go:122.12,125.17 3 0
task_mission/usecases/task_usecase.go:125.17,128.4 2 0
task_mission/usecases/task_usecase.go:131.2,131.12 1 0
task_mission/usecases/task_usecase.go:131.12,134.3 2 0
task_mission/usecases/task_usecase.go:136.2,136.25 1 0
task_mission/usecases/task_usecase.go:136.25,137.17 1 0
task_mission/usecases/task_usecase.go:137.17,139.4 1 0
task_mission/usecases/task_usecase.go:142.2,147.16 3 0
task_mission/usecases/task_usecase.go:147.16,149.3 1 0
task_mission/usecases/task_usecase.go:150.2,151.16 2 0
task_mission/usecases/task_usecase.go:151.16,153.3 1 0
task_mission/usecases/task_usecase.go:154.2,155.20 2 0
task_mission/usecases/task_usecase.go:158.158,160.16 2 0
task_mission/usecases/task_usecase.go:160.16,162.3 1 0
task_mission/usecases/task_usecase.go:163.2,164.15 2 0
task_mission/usecases/task_usecase.go:164.15,165.17 1 0
task_mission/usecases/task_usecase.go:165.17,167.18 2 0
task_mission/usecases/task_usecase.go:167.18,169.5 1 0
task_mission/usecases/task_usecase.go:170.4,170.10 1 0
task_mission/usecases/task_usecase.go:172.3,172.23 1 0
task_mission/usecases/task_usecase.go:175.2,177.16 3 0
task_mission/usecases/task_usecase.go:177.16,178.18 1 0
task_mission/usecases/task_usecase.go:178.18,180.4 1 0
task_mission/usecases/task_usecase.go:181.3,181.93 1 0
task_mission/usecases/task_usecase.go:184.2,193.20 3 0
task_mission/usecases/task_usecase.go:193.20,199.17 6 0
task_mission/usecases/task_usecase.go:199.17,202.4 2 0
task_mission/usecases/task_usecase.go:203.3,203.16 1 0
task_mission/usecases/task_usecase.go:206.2,206.20 1 0
task_mission/usecases/task_usecase.go:206.20,211.17 5 0
task_mission/usecases/task_usecase.go:211.17,214.4 2 0
task_mission/usecases/task_usecase.go:215.3,215.53 1 0
task_mission/usecases/task_usecase.go:215.53,221.18 3 0
task_mission/usecases/task_usecase.go:221.18,224.5 2 0
task_mission/usecases/task_usecase.go:226.3,226.18 1 0
task_mission/usecases/task_usecase.go:229.2,229.12 1 0
task_mission/usecases/task_usecase.go:229.12,232.3 2 0
task_mission/usecases/task_usecase.go:234.2,234.26 1 0
task_mission/usecases/task_usecase.go:234.26,235.21 1 0
task_mission/usecases/task_usecase.go:235.21,237.4 1 0
task_mission/usecases/task_usecase.go:239.2,244.16 3 0
task_mission/usecases/task_usecase.go:244.16,246.3 1 0
task_mission/usecases/task_usecase.go:248.2,255.20 2 0
task_mission/usecases/task_usecase.go:258.129,260.16 2 0
task_mission/usecases/task_usecase.go:260.16,262.3 1 0
task_mission/usecases/task_usecase.go:263.2,270.29 2 0
task_mission/usecases/task_usecase.go:270.29,273.30 2 0
task_mission/usecases/task_usecase.go:273.30,276.18 3 0
task_mission/usecases/task_usecase.go:276.18,279.5 2 0
task_mission/usecases/task_usecase.go:281.4,282.18 2 0
task_mission/usecases/task_usecase.go:282.18,285.5 2 0
task_mission/usecases/task_usecase.go:286.4,287.18 2 0
task_mission/usecases/task_usecase.go:287.18,290.5 2 0
task_mission/usecases/task_usecase.go:292.4,293.37 2 0
task_mission/usecases/task_usecase.go:297.2,299.9 2 0
task_mission/usecases/task_usecase.go:300.21,301.98 1 0
task_mission/usecases/task_usecase.go:302.10,303.22 1 0
task_mission/usecases/task_usecase.go:316.16,327.2 1 0
task_mission/usecases/user_usecase.go:28.121,30.16 2 0
task_mission/usecases/user_usecase.go:30.16,32.3 1 0
task_mission/usecases/user_usecase.go:33.2,35.16 3 0
task_mission/usecases/user_usecase.go:35.16,37.3 1 0
task_mission/usecases/user_usecase.go:38.2,38.18 1 0
task_mission/usecases/user_usecase.go:41.152,43.16 2 0
task_mission/usecases/user_usecase.go:43.16,45.3 1 0
task_mission/usecases/user_usecase.go:46.2,47.15 2 0
task_mission/usecases/user_usecase.go:47.15,48.17 1 0
task_mission/usecases/user_usecase.go:48.17,51.4 2 0
task_mission/usecases/user_usecase.go:52.3,52.23 1 0
task_mission/usecases/user_usecase.go:55.2,56.16 2 0
task_mission/usecases/user_usecase.go:56.16,58.3 1 0
task_mission/usecases/user_usecase.go:59.2,66.16 3 0
task_mission/usecases/user_usecase.go:66.16,68.3 1 0
task_mission/usecases/user_usecase.go:70.2,76.12 3 0
task_mission/usecases/user_usecase.go:76.12,79.17 3 0
task_mission/usecases/user_usecase.go:79.17,82.4 2 0
task_mission/usecases/user_usecase.go:83.3,89.17 3 0
task_mission/usecases/user_usecase.go:89.17,92.4 2 0
task_mission/usecases/user_usecase.go:95.2,95.12 1 0
task_mission/usecases/user_usecase.go:95.12,102.17 4 0
task_mission/usecases/user_usecase.go:102.17,105.4 2 0
task_mission/usecases/user_usecase.go:108.2,108.12 1 0
task_mission/usecases/user_usecase.go:108.12,114.17 4 0
task_mission/usecases/user_usecase.go:114.17,117.4 2 0
task_mission/usecases/user_usecase.go:120.2,120.12 1 0
task_mission/usecases/user_usecase.go:120.12,123.3 2 0
task_mission/usecases/user_usecase.go:125.2,125.22 1 0
task_mission/usecases/user_usecase.go:125.22,126.17 1 0
task_mission/usecases/user_usecase.go:126.17,128.4 1 0
task_mission/usecases/user_usecase.go:131.2,132.16 2 0
task_mission/usecases/user_usecase.go:132.16,134.3 1 0
task_mission/usecases/user_usecase.go:135.2,137.20 2 0
task_mission/usecases/user_usecase.go:140.159,142.16 2 0
task_mission/usecases/user_usecase.go:142.16,144.3 1 0
task_mission/usecases/user_usecase.go:145.2,146.14 2 0
task_mission/usecases/user_usecase.go:146.14,148.3 1 0
task_mission/usecases/user_usecase.go:149.2,150.16 2 0
task_mission/usecases/user_usecase.go:150.16,152.3 1 0
task_mission/usecases/user_usecase.go:154.2,166.16 4 0
task_mission/usecases/user_usecase.go:166.16,168.3 1 0
task_mission/usecases/user_usecase.go:169.2,172.20 2 0
task_mission/usecases/user_usecase.go:180.66,188.2 1 0
task_mission/apperror/errors.go:24.39,26.2 1 0
task_mission/apperror/errors.go:28.81,35.2 2 0
task_mission/apperror/errors.go:37.38,38.20 1 0
task_mission/apperror/errors.go:39.21,40.31 1 0
task_mission/apperror/errors.go:41.19,42.29 1 0
task_mission/apperror/errors.go:43.18,44.35 1 0
task_mission/apperror/errors.go:45.23,46.33 1 0
task_mission/apperror/errors.go:48.2,48.39 1 0
task_mission/entities/dtos/responses/category_response.go:32.75,40.2 1 0
task_mission/entities/dtos/responses/category_response.go:42.84,44.40 2 0
task_mission/entities/dtos/responses/category_response.go:44.40,52.3 1 0
task_mission/entities/dtos/responses/category_response.go:53.2,53.15 1 0
task_mission/entities/dtos/responses/category_response.go:56.109,64.33 2 0
task_mission/entities/dtos/responses/category_response.go:64.33,71.3 1 0
task_mission/entities/dtos/responses/category_response.go:73.2,80.3 1 0
task_mission/entities/dtos/responses/response.go:9.65,11.2 1 0
task_mission/entities/dtos/responses/reward_response.go:49.173,54.38 2 0
task_mission/entities/dtos/responses/reward_response.go:54.38,62.3 1 0
task_mission/entities/dtos/responses/reward_response.go:63.2,86.3 1 0
task_mission/entities/dtos/responses/reward_response.go:89.71,99.2 1 0
task_mission/entities/dtos/responses/reward_response.go:101.77,103.33 2 0
task_mission/entities/dtos/responses/reward_response.go:103.33,106.3 2 0
task_mission/entities/dtos/responses/reward_response.go:107.2,107.15 1 0
task_mission/entities/dtos/responses/task_response.go:63.105,82.2 1 0
task_mission/entities/dtos/responses/task_response.go:84.138,107.2 1 0
task_mission/entities/dtos/responses/user_task_response.go:17.71,26.2 1 0
task_mission/enums/context_key.go:11.39,13.2 1 0
task_mission/enums/router.go:5.41,7.2 1 0
task_mission/enums/user_gender.go:10.39,12.2 1 0
task_mission/queries/query.go:9.38,11.2 1 0
task_mission/queries/query.go:13.43,15.2 1 0
task_mission/queries/query.go:17.36,19.2 1 0
task_mission/utils/common.go:10.54,12.2 1 1
task_mission/utils/common.go:14.54,16.16 2 0
task_mission/utils/common.go:16.16,18.3 1 0
task_mission/utils/common.go:19.2,19.22 1 0
task_mission/utils/common.go:22.45,24.2 1 0
task_mission/utils/common.go:26.53,29.38 3 0
task_mission/utils/common.go:29.38,32.3 2 0
task_mission/utils/common.go:33.2,33.15 1 0
task_mission/utils/common.go:36.55,37.23 1 1
task_mission/utils/common.go:37.23,39.3 1 0
task_mission/utils/common.go:40.2,41.33 2 1
task_mission/utils/common.go:41.33,43.3 1 1
task_mission/utils/common.go:44.2,44.42 1 1
task_mission/utils/query.go:20.108,22.16 2 0
task_mission/utils/query.go:22.16,24.3 1 0
task_mission/utils/query.go:25.2,27.16 3 0
task_mission/utils/query.go:27.16,29.3 1 0
task_mission/utils/query.go:30.2,30.16 1 0
task_mission/utils/query.go:33.102,36.16 3 0
task_mission/utils/query.go:36.16,38.3 1 0
task_mission/utils/query.go:39.2,40.16 2 0
task_mission/utils/query.go:40.16,42.3 1 0
task_mission/utils/query.go:44.2,46.22 3 0
task_mission/utils/query.go:46.22,48.3 1 0
task_mission/utils/query.go:50.2,50.18 1 0
task_mission/utils/query.go:50.18,53.17 3 0
task_mission/utils/query.go:53.17,55.4 1 0
task_mission/utils/query.go:56.3,56.28 1 0
task_mission/utils/query.go:56.28,59.4 2 0
task_mission/utils/query.go:60.3,60.59 1 0
task_mission/utils/query.go:62.2,62.20 1 0
task_mission/utils/query.go:65.99,67.16 2 0
task_mission/utils/query.go:67.16,69.3 1 0
task_mission/utils/query.go:70.2,71.16 2 0
task_mission/utils/query.go:71.16,73.3 1 0
task_mission/utils/query.go:74.2,74.12 1 0
task_mission/utils/query.go:77.106,81.16 3 0
task_mission/utils/query.go:81.16,83.3 1 0
task_mission/utils/query.go:84.2,85.16 2 0
task_mission/utils/query.go:85.16,87.3 1 0
task_mission/utils/query.go:88.2,94.38 4 0
task_mission/utils/query.go:94.38,97.3 2 0
task_mission/utils/query.go:99.2,100.16 2 0
task_mission/utils/query.go:100.16,102.3 1 0
task_mission/utils/query.go:103.2,103.12 1 0
task_mission/utils/query.go:106.105,108.16 2 0
task_mission/utils/query.go:108.16,110.3 1 0
task_mission/utils/query.go:111.2,112.16 2 0
task_mission/utils/query.go:112.16,114.3 1 0
task_mission/utils/query.go:115.2,115.12 1 0
task_mission/utils/rest.go:14.61,16.2 1 0
task_mission/utils/rest.go:18.61,20.2 1 0
task_mission/utils/rest.go:22.53,24.16 2 0
task_mission/utils/rest.go:24.16,26.3 1 0
task_mission/utils/rest.go:27.2,28.36 2 0
task_mission/utils/rest.go:28.36,31.3 2 0
task_mission/utils/rest.go:33.2,35.31 2 0
task_mission/utils/rest.go:35.31,37.20 2 0
task_mission/utils/rest.go:37.20,39.51 2 0
task_mission/utils/rest.go:39.51,40.51 1 0
task_mission/utils/rest.go:40.51,42.6 1 0
task_mission/utils/rest.go:42.11,44.6 1 0
task_mission/utils/rest.go:49.2,49.12 1 0
task_mission/utils/rest.go:52.125,55.43 3 0
task_mission/utils/rest.go:55.43,57.3 1 0
task_mission/utils/rest.go:58.2,61.16 4 0
task_mission/utils/rest.go:61.16,64.3 2 0
task_mission/utils/rest.go:67.75,71.2 3 0
task_mission/utils/validate.go:11.67,13.42 2 0
task_mission/utils/validate.go:13.42,15.3 1 0
task_mission/utils/validate.go:16.2,16.12 1 0
task_mission/utils/validate.go:19.52,22.2 2 0
task_mission/utils/validate.go:24.50,27.2 2 0
task_mission/utils/validate.go:29.45,39.45 4 0
task_mission/utils/validate.go:39.45,40.32 1 0
task_mission/utils/validate.go:40.32,42.4 1 0
task_mission/utils/validate.go:45.2,45.18 1 0
task_mission/utils/validate.go:45.18,47.3 1 0
task_mission/utils/validate.go:49.2,49.14 1 0
